<?xml version="1.0" encoding="UTF-8"?>
<!-- Generated by org.testng.reporters.JUnitReportReporter -->
<testsuite skipped="0" hostname="Zelihas-MacBook-Pro.local" name="scripts._02_AppleTest" tests="1" failures="0" timestamp="2023-06-11T15:31:45 CDT" time="61.926" errors="0">
  <testcase name="validateTitleAndURL" time="61.926" classname="scripts._02_AppleTest"/>
  <system-out/>
</testsuite> <!-- scripts._02_AppleTest -->
