<?xml version="1.0" encoding="UTF-8"?>
<!-- Generated by org.testng.reporters.JUnitReportReporter -->
<testsuite skipped="0" hostname="Zelihas-MacBook-Pro.local" name="scripts._01_GoogleTest" tests="3" failures="0" timestamp="2023-06-11T15:31:45 CDT" time="102.074" errors="0">
  <testcase name="validateNavigation" time="64.041" classname="scripts._01_GoogleTest"/>
  <system-out/>
  <testcase name="validateSearchButton" time="19.737" classname="scripts._01_GoogleTest"/>
  <system-out/>
  <testcase name="validateTitleAndURL" time="18.296" classname="scripts._01_GoogleTest"/>
  <system-out/>
</testsuite> <!-- scripts._01_GoogleTest -->
